<?xml version="1.0" encoding="UTF-8"?>
<!-- Generated by org.testng.reporters.JUnitXMLReporter -->
<testsuite ignored="0" hostname="DESKTOP-OA7C79N" failures="0" tests="9" name="Default test" time="181.058" errors="0" timestamp="2021-08-02T16:14:41 UYT">
  <testcase classname="exercise.ExerciseMethods" name="ExcerciseP1" time="72.24"/>
  <testcase classname="exercise.ExerciseMethods" name="ExcerciseP2" time="17.135"/>
  <testcase classname="exercise.ExerciseMethods" name="ExcerciseP3" time="6.611"/>
  <testcase classname="exercise.ExerciseMethods" name="ExcerciseP4" time="10.626"/>
  <testcase classname="exercise.ExerciseMethods" name="ExcerciseP5" time="16.13"/>
  <testcase classname="exercise.ExerciseMethods" name="ExcerciseP6" time="13.872"/>
  <testcase classname="exercise.ExerciseMethods" name="ExcerciseP7" time="8.137"/>
  <testcase classname="exercise.ExerciseMethods" name="ExcerciseP7" time="7.545"/>
  <testcase classname="exercise.ExerciseMethods" name="ExcerciseP7" time="7.705"/>
</testsuite> <!-- Default test -->
